             GGG   U   U  I  DDDD   EEEE
            G   G  U   U  I  D   D  E
            G      U   U  I  D   D  E
            G  GG  U   U  I  D   D  EEE
            G   G  U   U  I  D   D  E
            G   G  U   U  I  D   D  E
             GGG    UUU   I  DDDD   EEEE
   
 GUIDE Classification and Regression Trees and Forests
 Compiled with Visual Fortran 64 18.0.1.156 on Windows 10              
 Version 29.0 (Build date: September 9, 2018)      
 Copyright (c) 1997-2018 Wei-Yin Loh. All rights reserved.
 This software is based upon work supported by the U.S. Army Research Office,
 the National Science Foundation and the National Institutes of Health.
  
 This job was started on: 10/23/18 at 16:26
  
 Classification tree
 Pruning by cross-validation
 Data description file: spine_desc_1000.txt
 Training sample file: 
 C:\Users\Michael Streyle\Desktop\Senior Project\data_with1000.csv
 Missing value code: NA
 Records in data file start on line 2
 Warning: N variables changed to S
 Dependent variable is classification
 Number of records in data file: 310
 Length of longest entry in data file: 12
 Number of classes: 2
 Training sample class proportions of D variable classification:
    Class  #Cases     Proportion
 Abnormal     210     0.67741935
 Normal       100     0.32258065
  
 Summary information (without x variables)
 d=dependent, b=split and fit cat variable using indicator variables,
 c=split-only categorical, i=fit-only categorical (via indicators),
 s=split-only numerical, n=split and fit numerical, f=fit-only numerical,
 m=missing-value flag variable, p=periodic variable, w=weight
                                                                        Codes/              
                                                                       Levels/              
  Column  Name                            Minimum      Maximum         Periods      #Missing
       1  pelvic_incidence           s   -1.993        4.023    
       2  pelvic_tilt                s   -2.408        3.186    
       3  lumbar_lordosis_angle      s   -2.044        3.978    
       4  sacral_slope               s   -2.204        5.846    
       5  pelvic_radius              s   -3.592        3.390    
       6  degree_spondylolisthesis   s  -0.9946        10.44    
       7  pelvic_slope               s   -1.644        1.840    
       8  Direct_tilet               s   -1.655        1.785    
       9  thoracic_slope             s   -1.773        1.841    
      10  cervical_tilt              s   -1.695        1.689    
      11  sacrum_angle               s   -1.737        1.720    
      12  scoliosis_slope            s   -1.783        1.789    
      13  classification             d                                       2
      14  X1                         s   -2.986        2.415    
      15  X2                         s   -2.493        2.667    
      16  X3                         s   -3.046        3.107    
      17  X4                         s   -2.520        2.133    
      18  X5                         s   -3.030        3.192    
      19  X6                         s   -3.128        2.851    
      20  X7                         s   -3.024        3.014    
      21  X8                         s   -2.786        2.557    
      22  X9                         s   -3.140        2.769    
      23  X10                        s   -2.910        2.975    
      24  X11                        s   -2.619        3.273    
      25  X12                        s   -2.710        2.680    
      26  X13                        s   -2.524        3.019    
      27  X14                        s   -2.468        3.011    
      28  X15                        s   -2.869        3.008    
      29  X16                        s   -2.727        2.857    
      30  X17                        s   -2.802        3.248    
      31  X18                        s   -2.683        2.560    
      32  X19                        s   -3.319        2.660    
      33  X20                        s   -3.302        2.381    
      34  X21                        s   -2.621        2.544    
      35  X22                        s   -2.643        2.487    
      36  X23                        s   -2.756        2.583    
      37  X24                        s   -2.423        2.347    
      38  X25                        s   -3.245        2.510    
      39  X26                        s   -3.132        2.667    
      40  X27                        s   -2.531        3.328    
      41  X28                        s   -2.546        2.788    
      42  X29                        s   -2.625        3.222    
      43  X30                        s   -3.840        2.952    
      44  X31                        s   -3.106        2.752    
      45  X32                        s   -2.577        2.645    
      46  X33                        s   -2.999        3.261    
      47  X34                        s   -2.781        3.282    
      48  X35                        s   -2.606        2.442    
      49  X36                        s   -2.108        2.995    
      50  X37                        s   -2.527        2.536    
      51  X38                        s   -3.247        3.209    
      52  X39                        s   -3.253        2.502    
      53  X40                        s   -2.268        2.931    
      54  X41                        s   -2.995        3.162    
      55  X42                        s   -2.782        2.831    
      56  X43                        s   -2.952        3.223    
      57  X44                        s   -2.666        3.289    
      58  X45                        s   -3.056        2.819    
      59  X46                        s   -3.092        2.913    
      60  X47                        s   -2.555        2.872    
      61  X48                        s   -3.022        2.634    
      62  X49                        s   -3.248        2.672    
      63  X50                        s   -2.832        3.168    
      64  X51                        s   -2.808        2.937    
      65  X52                        s   -2.728        2.813    
      66  X53                        s   -2.733        2.628    
      67  X54                        s   -2.301        3.031    
      68  X55                        s   -2.670        3.372    
      69  X56                        s   -2.407        2.964    
      70  X57                        s   -2.714        2.896    
      71  X58                        s   -2.733        2.610    
      72  X59                        s   -3.274        2.380    
      73  X60                        s   -2.904        2.843    
      74  X61                        s   -3.257        2.796    
      75  X62                        s   -2.905        3.179    
      76  X63                        s   -3.412        3.177    
      77  X64                        s   -2.660        2.674    
      78  X65                        s   -2.334        2.805    
      79  X66                        s   -2.542        2.555    
      80  X67                        s   -3.055        3.518    
      81  X68                        s   -2.909        2.805    
      82  X69                        s   -4.005        3.138    
      83  X70                        s   -2.470        2.613    
      84  X71                        s   -2.506        2.581    
      85  X72                        s   -2.659        3.036    
      86  X73                        s   -2.496        3.087    
      87  X74                        s   -2.471        3.011    
      88  X75                        s   -2.869        3.281    
      89  X76                        s   -2.519        3.666    
      90  X77                        s   -2.879        2.669    
      91  X78                        s   -2.499        2.377    
      92  X79                        s   -2.424        2.450    
      93  X80                        s   -3.361        2.581    
      94  X81                        s   -2.630        2.186    
      95  X82                        s   -2.574        2.558    
      96  X83                        s   -2.730        2.809    
      97  X84                        s   -2.564        2.494    
      98  X85                        s   -3.529        2.793    
      99  X86                        s   -2.789        4.625    
     100  X87                        s   -2.714        3.157    
     101  X88                        s   -2.678        3.768    
     102  X89                        s   -4.402        2.406    
     103  X90                        s   -2.308        2.637    
     104  X91                        s   -3.131        2.601    
     105  X92                        s   -3.037        2.610    
     106  X93                        s   -2.661        2.987    
     107  X94                        s   -2.793        2.235    
     108  X95                        s   -2.946        2.675    
     109  X96                        s   -2.721        3.261    
     110  X97                        s   -2.411        2.650    
     111  X98                        s   -2.680        3.297    
     112  X99                        s   -2.972        3.142    
     113  X100                       s   -3.398        2.817    
     114  X101                       s   -2.717        2.314    
     115  X102                       s   -2.978        3.025    
     116  X103                       s   -2.437        2.483    
     117  X104                       s   -2.174        2.775    
     118  X105                       s   -3.527        2.990    
     119  X106                       s   -2.940        2.621    
     120  X107                       s   -3.224        2.588    
     121  X108                       s   -3.082        2.552    
     122  X109                       s   -2.980        3.299    
     123  X110                       s   -2.590        2.751    
     124  X111                       s   -2.187        2.730    
     125  X112                       s   -2.823        2.824    
     126  X113                       s   -2.864        3.079    
     127  X114                       s   -2.932        2.411    
     128  X115                       s   -2.290        3.311    
     129  X116                       s   -3.275        2.736    
     130  X117                       s   -2.764        2.835    
     131  X118                       s   -2.468        3.029    
     132  X119                       s   -2.602        2.431    
     133  X120                       s   -3.155        2.672    
     134  X121                       s   -2.674        3.402    
     135  X122                       s   -2.775        2.675    
     136  X123                       s   -3.368        2.634    
     137  X124                       s   -2.574        3.072    
     138  X125                       s   -3.799        2.864    
     139  X126                       s   -2.563        2.847    
     140  X127                       s   -3.032        2.490    
     141  X128                       s   -2.676        2.801    
     142  X129                       s   -2.291        3.432    
     143  X130                       s   -2.825        2.541    
     144  X131                       s   -2.314        3.244    
     145  X132                       s   -2.694        2.701    
     146  X133                       s   -3.230        2.906    
     147  X134                       s   -2.768        2.624    
     148  X135                       s   -3.079        2.696    
     149  X136                       s   -3.234        3.090    
     150  X137                       s   -3.124        3.408    
     151  X138                       s   -2.639        3.932    
     152  X139                       s   -2.542        3.284    
     153  X140                       s   -2.683        2.289    
     154  X141                       s   -2.327        3.193    
     155  X142                       s   -3.192        3.727    
     156  X143                       s   -2.798        2.816    
     157  X144                       s   -3.104        2.403    
     158  X145                       s   -2.863        2.700    
     159  X146                       s   -2.899        2.476    
     160  X147                       s   -2.529        3.036    
     161  X148                       s   -3.090        3.054    
     162  X149                       s   -3.533        2.953    
     163  X150                       s   -3.203        3.174    
     164  X151                       s   -2.727        3.870    
     165  X152                       s   -3.126        2.984    
     166  X153                       s   -2.598        2.686    
     167  X154                       s   -3.065        2.893    
     168  X155                       s   -2.845        2.976    
     169  X156                       s   -4.387        2.488    
     170  X157                       s   -3.473        3.127    
     171  X158                       s   -2.847        2.710    
     172  X159                       s   -2.558        2.780    
     173  X160                       s   -2.702        2.395    
     174  X161                       s   -2.711        3.389    
     175  X162                       s   -2.820        2.534    
     176  X163                       s   -3.252        2.804    
     177  X164                       s   -3.136        2.871    
     178  X165                       s   -2.669        3.095    
     179  X166                       s   -2.457        3.438    
     180  X167                       s   -2.377        2.527    
     181  X168                       s   -2.073        2.688    
     182  X169                       s   -3.433        2.685    
     183  X170                       s   -2.456        4.334    
     184  X171                       s   -2.723        3.822    
     185  X172                       s   -3.303        2.361    
     186  X173                       s   -2.798        2.449    
     187  X174                       s   -2.699        2.902    
     188  X175                       s   -2.407        2.779    
     189  X176                       s   -2.419        2.726    
     190  X177                       s   -3.466        2.678    
     191  X178                       s   -2.963        2.939    
     192  X179                       s   -2.628        2.607    
     193  X180                       s   -2.737        3.143    
     194  X181                       s   -3.104        2.498    
     195  X182                       s   -2.541        3.054    
     196  X183                       s   -2.744        3.325    
     197  X184                       s   -3.290        3.185    
     198  X185                       s   -2.619        2.759    
     199  X186                       s   -2.890        3.091    
     200  X187                       s   -2.581        3.231    
     201  X188                       s   -2.684        2.571    
     202  X189                       s   -3.226        2.344    
     203  X190                       s   -2.707        2.238    
     204  X191                       s   -3.196        3.216    
     205  X192                       s   -2.934        3.374    
     206  X193                       s   -3.461        2.423    
     207  X194                       s   -2.251        2.555    
     208  X195                       s   -2.838        2.600    
     209  X196                       s   -3.621        2.621    
     210  X197                       s   -2.592        2.773    
     211  X198                       s   -2.464        3.086    
     212  X199                       s   -2.930        2.326    
     213  X200                       s   -2.901        3.371    
     214  X201                       s   -2.470        2.993    
     215  X202                       s   -2.746        2.883    
     216  X203                       s   -2.544        2.546    
     217  X204                       s   -2.603        3.152    
     218  X205                       s   -2.550        3.112    
     219  X206                       s   -2.995        3.338    
     220  X207                       s   -2.522        3.046    
     221  X208                       s   -2.605        3.074    
     222  X209                       s   -3.075        2.533    
     223  X210                       s   -2.864        2.856    
     224  X211                       s   -2.721        2.329    
     225  X212                       s   -2.892        2.728    
     226  X213                       s   -2.967        2.917    
     227  X214                       s   -2.465        2.975    
     228  X215                       s   -3.358        3.029    
     229  X216                       s   -2.463        2.614    
     230  X217                       s   -2.409        2.704    
     231  X218                       s   -3.345        2.607    
     232  X219                       s   -2.701        2.698    
     233  X220                       s   -2.836        2.915    
     234  X221                       s   -2.947        2.487    
     235  X222                       s   -2.911        2.886    
     236  X223                       s   -2.868        2.873    
     237  X224                       s   -3.345        3.769    
     238  X225                       s   -2.941        2.622    
     239  X226                       s   -2.729        3.671    
     240  X227                       s   -3.394        2.832    
     241  X228                       s   -2.457        2.626    
     242  X229                       s   -3.309        2.755    
     243  X230                       s   -2.312        3.499    
     244  X231                       s   -2.845        2.247    
     245  X232                       s   -2.412        3.314    
     246  X233                       s   -3.167        2.802    
     247  X234                       s   -2.557        3.738    
     248  X235                       s   -3.180        2.863    
     249  X236                       s   -2.735        3.219    
     250  X237                       s   -3.054        2.941    
     251  X238                       s   -3.377        3.066    
     252  X239                       s   -2.889        3.378    
     253  X240                       s   -2.564        3.268    
     254  X241                       s   -2.901        3.273    
     255  X242                       s   -2.982        2.379    
     256  X243                       s   -3.015        2.442    
     257  X244                       s   -2.818        2.496    
     258  X245                       s   -3.468        3.005    
     259  X246                       s   -3.115        2.537    
     260  X247                       s   -2.846        3.006    
     261  X248                       s   -2.844        3.073    
     262  X249                       s   -3.021        2.366    
     263  X250                       s   -2.483        3.725    
     264  X251                       s   -2.901        2.433    
     265  X252                       s   -2.571        2.679    
     266  X253                       s   -2.888        2.690    
     267  X254                       s   -2.551        3.305    
     268  X255                       s   -3.167        2.418    
     269  X256                       s   -3.581        2.840    
     270  X257                       s   -3.506        2.383    
     271  X258                       s   -3.102        2.417    
     272  X259                       s   -2.772        2.805    
     273  X260                       s   -2.666        3.609    
     274  X261                       s   -2.862        2.752    
     275  X262                       s   -3.599        2.645    
     276  X263                       s   -2.845        3.052    
     277  X264                       s   -2.828        2.706    
     278  X265                       s   -3.667        2.787    
     279  X266                       s   -3.221        2.652    
     280  X267                       s   -2.060        2.686    
     281  X268                       s   -3.052        3.749    
     282  X269                       s   -3.026        3.023    
     283  X270                       s   -4.702        2.982    
     284  X271                       s   -2.829        3.652    
     285  X272                       s   -2.891        2.666    
     286  X273                       s   -3.128        2.525    
     287  X274                       s   -2.848        2.392    
     288  X275                       s   -2.675        2.458    
     289  X276                       s   -2.445        3.285    
     290  X277                       s   -2.211        2.408    
     291  X278                       s   -2.637        2.962    
     292  X279                       s   -2.440        2.702    
     293  X280                       s   -2.489        3.407    
     294  X281                       s   -2.466        2.797    
     295  X282                       s   -2.676        2.552    
     296  X283                       s   -2.773        2.710    
     297  X284                       s   -3.048        3.105    
     298  X285                       s   -3.728        3.004    
     299  X286                       s   -3.201        3.208    
     300  X287                       s   -2.716        2.766    
     301  X288                       s   -2.724        2.713    
     302  X289                       s   -3.116        2.605    
     303  X290                       s   -3.220        3.441    
     304  X291                       s   -2.860        2.580    
     305  X292                       s   -2.137        2.845    
     306  X293                       s   -2.133        2.506    
     307  X294                       s   -2.439        3.100    
     308  X295                       s   -3.626        3.037    
     309  X296                       s   -2.980        3.154    
     310  X297                       s   -3.055        2.989    
     311  X298                       s   -2.703        3.847    
     312  X299                       s   -2.189        2.755    
     313  X300                       s   -3.381        2.797    
     314  X301                       s   -2.516        2.824    
     315  X302                       s   -2.797        2.777    
     316  X303                       s   -2.710        3.423    
     317  X304                       s   -3.511        2.342    
     318  X305                       s   -2.474        2.351    
     319  X306                       s   -3.218        3.284    
     320  X307                       s   -3.006        1.964    
     321  X308                       s   -2.576        3.156    
     322  X309                       s   -2.696        3.135    
     323  X310                       s   -2.745        3.038    
     324  X311                       s   -2.935        3.651    
     325  X312                       s   -2.495        2.442    
     326  X313                       s   -3.127        2.565    
     327  X314                       s   -2.675        3.189    
     328  X315                       s   -2.996        2.968    
     329  X316                       s   -2.257        2.969    
     330  X317                       s   -2.957        3.148    
     331  X318                       s   -2.828        2.823    
     332  X319                       s   -3.469        3.172    
     333  X320                       s   -3.144        2.410    
     334  X321                       s   -2.761        3.554    
     335  X322                       s   -2.968        2.787    
     336  X323                       s   -3.737        3.345    
     337  X324                       s   -3.142        2.848    
     338  X325                       s   -3.440        2.693    
     339  X326                       s   -2.477        2.974    
     340  X327                       s   -2.835        2.674    
     341  X328                       s   -3.371        2.686    
     342  X329                       s   -2.666        3.509    
     343  X330                       s   -3.025        2.632    
     344  X331                       s   -3.213        3.767    
     345  X332                       s   -3.279        2.466    
     346  X333                       s   -3.023        2.983    
     347  X334                       s   -2.666        2.257    
     348  X335                       s   -3.363        3.334    
     349  X336                       s   -3.276        3.209    
     350  X337                       s   -3.860        2.259    
     351  X338                       s   -3.108        2.956    
     352  X339                       s   -3.546        2.580    
     353  X340                       s   -3.250        2.950    
     354  X341                       s   -2.698        3.294    
     355  X342                       s   -3.453        2.895    
     356  X343                       s   -3.003        3.545    
     357  X344                       s   -3.067        3.032    
     358  X345                       s   -3.419        2.920    
     359  X346                       s   -2.702        2.915    
     360  X347                       s   -2.585        3.263    
     361  X348                       s   -2.647        4.205    
     362  X349                       s   -2.911        3.110    
     363  X350                       s   -2.908        3.096    
     364  X351                       s   -2.829        2.661    
     365  X352                       s   -2.303        3.217    
     366  X353                       s   -2.852        2.853    
     367  X354                       s   -3.352        3.084    
     368  X355                       s   -2.785        2.941    
     369  X356                       s   -3.213        3.391    
     370  X357                       s   -3.204        2.856    
     371  X358                       s   -2.601        2.553    
     372  X359                       s   -3.156        3.033    
     373  X360                       s   -2.781        2.891    
     374  X361                       s   -3.029        2.850    
     375  X362                       s   -3.065        2.550    
     376  X363                       s   -2.675        3.724    
     377  X364                       s   -2.580        2.620    
     378  X365                       s   -2.947        2.797    
     379  X366                       s   -2.372        3.048    
     380  X367                       s   -2.864        2.507    
     381  X368                       s   -2.857        2.821    
     382  X369                       s   -3.128        2.613    
     383  X370                       s   -3.002        2.452    
     384  X371                       s   -3.010        3.130    
     385  X372                       s   -2.797        2.824    
     386  X373                       s   -3.866        2.669    
     387  X374                       s   -3.035        2.961    
     388  X375                       s   -2.629        3.796    
     389  X376                       s   -2.627        2.439    
     390  X377                       s   -2.821        2.614    
     391  X378                       s   -2.964        3.081    
     392  X379                       s   -3.092        2.957    
     393  X380                       s   -3.110        2.668    
     394  X381                       s   -2.374        2.527    
     395  X382                       s   -3.757        2.929    
     396  X383                       s   -2.958        3.070    
     397  X384                       s   -2.796        2.632    
     398  X385                       s   -2.927        3.260    
     399  X386                       s   -2.679        2.830    
     400  X387                       s   -3.755        2.356    
     401  X388                       s   -2.658        3.380    
     402  X389                       s   -2.977        2.366    
     403  X390                       s   -3.461        2.890    
     404  X391                       s   -3.321        3.064    
     405  X392                       s   -2.417        2.656    
     406  X393                       s   -2.355        3.542    
     407  X394                       s   -2.625        2.343    
     408  X395                       s   -2.345        3.181    
     409  X396                       s   -2.901        3.154    
     410  X397                       s   -2.449        2.942    
     411  X398                       s   -2.701        2.711    
     412  X399                       s   -3.107        3.130    
     413  X400                       s   -2.961        3.747    
     414  X401                       s   -2.709        3.052    
     415  X402                       s   -3.439        2.851    
     416  X403                       s   -2.721        3.304    
     417  X404                       s   -2.693        2.974    
     418  X405                       s   -2.860        2.508    
     419  X406                       s   -3.089        2.837    
     420  X407                       s   -2.567        3.489    
     421  X408                       s   -2.745        2.575    
     422  X409                       s   -2.834        2.501    
     423  X410                       s   -2.883        2.209    
     424  X411                       s   -2.737        2.799    
     425  X412                       s   -2.818        2.485    
     426  X413                       s   -2.589        3.159    
     427  X414                       s   -3.142        3.373    
     428  X415                       s   -2.370        2.981    
     429  X416                       s   -2.994        3.100    
     430  X417                       s   -2.882        3.443    
     431  X418                       s   -2.680        3.326    
     432  X419                       s   -3.687        2.537    
     433  X420                       s   -2.410        3.492    
     434  X421                       s   -3.370        3.745    
     435  X422                       s   -3.078        3.186    
     436  X423                       s   -2.582        2.936    
     437  X424                       s   -2.686        3.051    
     438  X425                       s   -2.691        3.036    
     439  X426                       s   -2.658        2.698    
     440  X427                       s   -3.149        2.633    
     441  X428                       s   -2.893        2.781    
     442  X429                       s   -2.983        2.998    
     443  X430                       s   -2.954        2.900    
     444  X431                       s   -2.807        2.589    
     445  X432                       s   -3.827        2.304    
     446  X433                       s   -3.127        3.769    
     447  X434                       s   -2.801        2.919    
     448  X435                       s   -2.332        3.663    
     449  X436                       s   -3.038        3.051    
     450  X437                       s   -2.298        2.568    
     451  X438                       s   -3.039        2.790    
     452  X439                       s   -2.721        3.214    
     453  X440                       s   -3.691        2.725    
     454  X441                       s   -3.357        2.808    
     455  X442                       s   -2.591        2.935    
     456  X443                       s   -3.091        2.842    
     457  X444                       s   -3.166        2.604    
     458  X445                       s   -3.291        2.903    
     459  X446                       s   -2.661        2.995    
     460  X447                       s   -3.253        2.383    
     461  X448                       s   -3.077        2.366    
     462  X449                       s   -2.705        2.256    
     463  X450                       s   -3.240        3.069    
     464  X451                       s   -3.255        2.650    
     465  X452                       s   -4.052        2.647    
     466  X453                       s   -2.727        2.174    
     467  X454                       s   -2.494        2.461    
     468  X455                       s   -3.098        2.778    
     469  X456                       s   -2.851        3.377    
     470  X457                       s   -2.798        2.877    
     471  X458                       s   -3.147        2.867    
     472  X459                       s   -2.777        3.277    
     473  X460                       s   -2.830        3.470    
     474  X461                       s   -3.595        2.752    
     475  X462                       s   -3.030        2.758    
     476  X463                       s   -3.447        3.346    
     477  X464                       s   -2.902        2.158    
     478  X465                       s   -3.386        3.460    
     479  X466                       s   -3.206        2.225    
     480  X467                       s   -3.583        2.420    
     481  X468                       s   -2.738        3.041    
     482  X469                       s   -3.542        2.833    
     483  X470                       s   -2.907        2.637    
     484  X471                       s   -3.447        2.575    
     485  X472                       s   -4.099        3.094    
     486  X473                       s   -3.178        2.936    
     487  X474                       s   -2.777        2.763    
     488  X475                       s   -3.524        2.798    
     489  X476                       s   -3.301        3.458    
     490  X477                       s   -2.820        2.880    
     491  X478                       s   -2.888        2.870    
     492  X479                       s   -3.722        3.552    
     493  X480                       s   -3.075        2.681    
     494  X481                       s   -2.516        2.889    
     495  X482                       s   -2.944        2.663    
     496  X483                       s   -2.810        3.163    
     497  X484                       s   -2.673        2.747    
     498  X485                       s   -3.274        2.700    
     499  X486                       s   -2.926        2.416    
     500  X487                       s   -3.020        2.256    
     501  X488                       s   -2.864        2.948    
     502  X489                       s   -2.382        3.717    
     503  X490                       s   -3.183        2.804    
     504  X491                       s   -3.185        4.106    
     505  X492                       s   -3.239        2.395    
     506  X493                       s   -2.749        2.354    
     507  X494                       s   -2.348        2.762    
     508  X495                       s   -2.994        2.472    
     509  X496                       s   -2.518        2.583    
     510  X497                       s   -3.083        2.627    
     511  X498                       s   -3.381        3.107    
     512  X499                       s   -2.752        3.123    
     513  X500                       s   -2.818        3.660    
     514  X501                       s   -2.630        3.559    
     515  X502                       s   -2.830        3.158    
     516  X503                       s   -3.107        2.621    
     517  X504                       s   -2.951        2.728    
     518  X505                       s   -2.633        3.290    
     519  X506                       s   -3.490        2.596    
     520  X507                       s   -2.829        2.681    
     521  X508                       s   -3.302        3.119    
     522  X509                       s   -2.897        2.791    
     523  X510                       s   -3.460        3.121    
     524  X511                       s   -4.137        2.937    
     525  X512                       s   -2.952        2.539    
     526  X513                       s   -2.472        2.622    
     527  X514                       s   -2.400        2.657    
     528  X515                       s   -2.591        3.565    
     529  X516                       s   -2.922        3.986    
     530  X517                       s   -2.892        2.711    
     531  X518                       s   -3.191        3.019    
     532  X519                       s   -3.465        2.761    
     533  X520                       s   -2.732        2.997    
     534  X521                       s   -3.112        2.512    
     535  X522                       s   -2.583        3.486    
     536  X523                       s   -3.074        2.436    
     537  X524                       s   -2.498        2.408    
     538  X525                       s   -2.935        2.414    
     539  X526                       s   -2.597        2.413    
     540  X527                       s   -2.778        3.664    
     541  X528                       s   -3.277        2.532    
     542  X529                       s   -3.160        2.547    
     543  X530                       s   -3.326        2.718    
     544  X531                       s   -3.219        2.850    
     545  X532                       s   -2.768        2.788    
     546  X533                       s   -3.280        2.549    
     547  X534                       s   -3.132        2.648    
     548  X535                       s   -2.909        2.563    
     549  X536                       s   -2.567        3.602    
     550  X537                       s   -2.431        3.116    
     551  X538                       s   -2.722        3.047    
     552  X539                       s   -3.040        2.658    
     553  X540                       s   -3.144        2.495    
     554  X541                       s   -3.763        3.236    
     555  X542                       s   -2.869        3.128    
     556  X543                       s   -2.275        3.161    
     557  X544                       s   -2.665        3.071    
     558  X545                       s   -2.690        2.412    
     559  X546                       s   -2.610        3.043    
     560  X547                       s   -2.416        3.083    
     561  X548                       s   -2.955        2.444    
     562  X549                       s   -2.670        2.436    
     563  X550                       s   -3.103        2.759    
     564  X551                       s   -2.980        2.597    
     565  X552                       s   -2.480        2.854    
     566  X553                       s   -2.677        3.261    
     567  X554                       s   -2.957        2.745    
     568  X555                       s   -2.216        3.114    
     569  X556                       s   -2.659        2.886    
     570  X557                       s   -2.905        2.516    
     571  X558                       s   -2.527        3.163    
     572  X559                       s   -3.592        2.659    
     573  X560                       s   -2.545        2.681    
     574  X561                       s   -2.642        3.018    
     575  X562                       s   -2.679        2.691    
     576  X563                       s   -2.774        3.007    
     577  X564                       s   -3.312        2.888    
     578  X565                       s   -3.354        3.423    
     579  X566                       s   -2.881        3.124    
     580  X567                       s   -2.949        3.212    
     581  X568                       s   -3.131        2.399    
     582  X569                       s   -3.241        3.409    
     583  X570                       s   -3.050        3.635    
     584  X571                       s   -2.239        2.665    
     585  X572                       s   -3.283        2.864    
     586  X573                       s   -2.841        2.870    
     587  X574                       s   -2.642        2.899    
     588  X575                       s   -2.396        3.420    
     589  X576                       s   -2.554        3.128    
     590  X577                       s   -2.177        2.678    
     591  X578                       s   -3.700        3.259    
     592  X579                       s   -2.906        3.091    
     593  X580                       s   -2.398        2.535    
     594  X581                       s   -2.847        2.549    
     595  X582                       s   -2.843        2.157    
     596  X583                       s   -2.820        2.742    
     597  X584                       s   -3.220        3.261    
     598  X585                       s   -2.339        3.037    
     599  X586                       s   -2.926        3.538    
     600  X587                       s   -2.963        4.045    
     601  X588                       s   -3.351        2.676    
     602  X589                       s   -2.457        2.787    
     603  X590                       s   -2.399        3.089    
     604  X591                       s   -2.470        2.345    
     605  X592                       s   -3.090        2.543    
     606  X593                       s   -2.835        3.049    
     607  X594                       s   -3.393        2.706    
     608  X595                       s   -2.598        3.206    
     609  X596                       s   -2.383        2.604    
     610  X597                       s   -2.899        3.201    
     611  X598                       s   -2.266        2.893    
     612  X599                       s   -2.697        2.634    
     613  X600                       s   -2.519        3.667    
     614  X601                       s   -3.139        2.676    
     615  X602                       s   -2.769        2.992    
     616  X603                       s   -2.864        3.011    
     617  X604                       s   -2.454        2.909    
     618  X605                       s   -2.745        3.681    
     619  X606                       s   -2.909        2.284    
     620  X607                       s   -2.775        2.711    
     621  X608                       s   -2.408        2.674    
     622  X609                       s   -2.881        2.794    
     623  X610                       s   -2.807        3.375    
     624  X611                       s   -3.016        3.105    
     625  X612                       s   -2.561        3.060    
     626  X613                       s   -2.547        2.355    
     627  X614                       s   -2.896        2.715    
     628  X615                       s   -2.529        2.525    
     629  X616                       s   -3.126        3.479    
     630  X617                       s   -3.391        2.786    
     631  X618                       s   -2.483        2.868    
     632  X619                       s   -3.205        3.259    
     633  X620                       s   -3.195        3.275    
     634  X621                       s   -3.815        2.558    
     635  X622                       s   -2.408        3.587    
     636  X623                       s   -2.250        2.676    
     637  X624                       s   -3.331        3.432    
     638  X625                       s   -2.660        2.943    
     639  X626                       s   -2.462        2.649    
     640  X627                       s   -2.713        3.047    
     641  X628                       s   -3.061        2.421    
     642  X629                       s   -3.301        3.182    
     643  X630                       s   -2.464        2.701    
     644  X631                       s   -2.971        2.508    
     645  X632                       s   -2.935        2.371    
     646  X633                       s   -2.440        3.111    
     647  X634                       s   -2.803        3.068    
     648  X635                       s   -2.664        3.092    
     649  X636                       s   -3.116        2.413    
     650  X637                       s   -2.596        3.632    
     651  X638                       s   -3.020        2.843    
     652  X639                       s   -2.446        2.805    
     653  X640                       s   -3.150        2.913    
     654  X641                       s   -2.742        3.692    
     655  X642                       s   -3.192        2.369    
     656  X643                       s   -2.336        3.222    
     657  X644                       s   -3.064        2.215    
     658  X645                       s   -3.450        2.708    
     659  X646                       s   -2.887        2.974    
     660  X647                       s   -2.951        2.477    
     661  X648                       s   -3.023        2.830    
     662  X649                       s   -2.457        3.093    
     663  X650                       s   -3.141        3.264    
     664  X651                       s   -2.897        2.470    
     665  X652                       s   -3.675        3.335    
     666  X653                       s   -2.804        3.185    
     667  X654                       s   -2.714        2.609    
     668  X655                       s   -3.166        2.332    
     669  X656                       s   -3.293        3.349    
     670  X657                       s   -2.824        2.802    
     671  X658                       s   -2.611        2.704    
     672  X659                       s   -2.705        2.609    
     673  X660                       s   -2.788        3.128    
     674  X661                       s   -2.745        3.296    
     675  X662                       s   -2.785        2.892    
     676  X663                       s   -4.543        3.066    
     677  X664                       s   -2.989        2.942    
     678  X665                       s   -2.805        3.389    
     679  X666                       s   -2.549        3.142    
     680  X667                       s   -2.815        2.490    
     681  X668                       s   -2.476        2.667    
     682  X669                       s   -2.616        3.405    
     683  X670                       s   -3.692        2.877    
     684  X671                       s   -2.634        2.401    
     685  X672                       s   -3.333        2.905    
     686  X673                       s   -3.284        3.082    
     687  X674                       s   -3.027        3.644    
     688  X675                       s   -3.515        3.450    
     689  X676                       s   -3.046        2.823    
     690  X677                       s   -3.216        2.632    
     691  X678                       s   -3.090        2.743    
     692  X679                       s   -2.774        3.476    
     693  X680                       s   -2.565        2.983    
     694  X681                       s   -2.830        2.835    
     695  X682                       s   -3.375        3.445    
     696  X683                       s   -2.593        3.134    
     697  X684                       s   -3.015        3.008    
     698  X685                       s   -2.986        2.864    
     699  X686                       s   -2.623        2.955    
     700  X687                       s   -3.646        2.643    
     701  X688                       s   -2.799        3.280    
     702  X689                       s   -2.906        2.890    
     703  X690                       s   -3.204        3.287    
     704  X691                       s   -4.265        2.784    
     705  X692                       s   -2.798        3.349    
     706  X693                       s   -2.662        2.854    
     707  X694                       s   -3.173        2.778    
     708  X695                       s   -2.932        2.555    
     709  X696                       s   -3.275        3.457    
     710  X697                       s   -2.707        3.651    
     711  X698                       s   -3.081        3.301    
     712  X699                       s   -2.875        3.106    
     713  X700                       s   -2.637        3.033    
     714  X701                       s   -3.087        2.958    
     715  X702                       s   -3.427        2.160    
     716  X703                       s   -2.826        2.399    
     717  X704                       s   -2.662        3.512    
     718  X705                       s   -2.674        2.685    
     719  X706                       s   -2.395        2.665    
     720  X707                       s   -3.626        3.043    
     721  X708                       s   -2.797        2.345    
     722  X709                       s   -2.509        2.597    
     723  X710                       s   -2.754        3.358    
     724  X711                       s   -3.394        2.834    
     725  X712                       s   -3.498        2.642    
     726  X713                       s   -2.785        2.645    
     727  X714                       s   -2.244        3.332    
     728  X715                       s   -3.133        2.910    
     729  X716                       s   -2.824        3.144    
     730  X717                       s   -3.137        2.822    
     731  X718                       s   -2.728        2.616    
     732  X719                       s   -3.474        2.599    
     733  X720                       s   -3.047        2.772    
     734  X721                       s   -2.963        3.313    
     735  X722                       s   -2.848        2.388    
     736  X723                       s   -2.864        2.401    
     737  X724                       s   -2.982        2.871    
     738  X725                       s   -2.432        3.253    
     739  X726                       s   -3.226        2.960    
     740  X727                       s   -2.854        2.503    
     741  X728                       s   -3.767        2.548    
     742  X729                       s   -2.646        2.807    
     743  X730                       s   -2.724        2.838    
     744  X731                       s   -2.775        2.972    
     745  X732                       s   -3.073        3.022    
     746  X733                       s   -3.073        2.731    
     747  X734                       s   -5.050        2.713    
     748  X735                       s   -3.187        3.242    
     749  X736                       s   -3.287        3.108    
     750  X737                       s   -2.908        2.589    
     751  X738                       s   -3.101        2.304    
     752  X739                       s   -3.271        2.434    
     753  X740                       s   -2.726        2.554    
     754  X741                       s   -3.793        2.443    
     755  X742                       s   -2.983        2.891    
     756  X743                       s   -3.064        2.501    
     757  X744                       s   -3.203        2.428    
     758  X745                       s   -2.805        3.408    
     759  X746                       s   -2.818        2.925    
     760  X747                       s   -2.411        2.546    
     761  X748                       s   -2.962        2.752    
     762  X749                       s   -2.962        2.482    
     763  X750                       s   -2.898        3.185    
     764  X751                       s   -2.484        2.964    
     765  X752                       s   -3.111        3.171    
     766  X753                       s   -2.964        2.752    
     767  X754                       s   -2.525        3.135    
     768  X755                       s   -2.952        2.974    
     769  X756                       s   -3.101        2.870    
     770  X757                       s   -2.772        2.493    
     771  X758                       s   -2.861        2.597    
     772  X759                       s   -3.108        3.147    
     773  X760                       s   -2.553        2.548    
     774  X761                       s   -2.425        3.709    
     775  X762                       s   -2.541        3.169    
     776  X763                       s   -2.469        2.893    
     777  X764                       s   -3.554        3.532    
     778  X765                       s   -2.771        2.629    
     779  X766                       s   -3.073        3.045    
     780  X767                       s   -2.625        2.631    
     781  X768                       s   -2.975        2.794    
     782  X769                       s   -2.647        2.864    
     783  X770                       s   -2.568        2.556    
     784  X771                       s   -2.917        2.390    
     785  X772                       s   -3.197        2.754    
     786  X773                       s   -3.342        2.985    
     787  X774                       s   -2.488        2.650    
     788  X775                       s   -2.893        2.286    
     789  X776                       s   -2.998        2.896    
     790  X777                       s   -3.105        2.817    
     791  X778                       s   -2.268        2.734    
     792  X779                       s   -2.837        3.443    
     793  X780                       s   -2.952        3.166    
     794  X781                       s   -2.179        2.915    
     795  X782                       s   -2.642        3.800    
     796  X783                       s   -3.092        2.766    
     797  X784                       s   -3.011        2.607    
     798  X785                       s   -2.753        3.172    
     799  X786                       s   -2.570        2.998    
     800  X787                       s   -2.993        2.713    
     801  X788                       s   -2.997        2.575    
     802  X789                       s   -2.803        2.359    
     803  X790                       s   -3.299        2.694    
     804  X791                       s   -2.489        2.500    
     805  X792                       s   -3.068        3.086    
     806  X793                       s   -2.717        2.510    
     807  X794                       s   -3.727        2.464    
     808  X795                       s   -2.899        3.248    
     809  X796                       s   -3.379        3.017    
     810  X797                       s   -3.574        2.344    
     811  X798                       s   -2.380        2.754    
     812  X799                       s   -2.836        2.770    
     813  X800                       s   -2.904        2.895    
     814  X801                       s   -2.642        3.198    
     815  X802                       s   -2.984        3.112    
     816  X803                       s   -2.881        2.882    
     817  X804                       s   -2.422        2.886    
     818  X805                       s   -3.129        2.647    
     819  X806                       s   -3.087        2.640    
     820  X807                       s   -3.122        2.932    
     821  X808                       s   -2.678        3.071    
     822  X809                       s   -2.872        2.732    
     823  X810                       s   -2.815        3.230    
     824  X811                       s   -2.659        2.793    
     825  X812                       s   -4.670        3.179    
     826  X813                       s   -2.575        2.730    
     827  X814                       s   -2.399        2.546    
     828  X815                       s   -2.592        2.770    
     829  X816                       s   -2.936        2.436    
     830  X817                       s   -2.670        2.602    
     831  X818                       s   -3.429        2.721    
     832  X819                       s   -2.220        2.886    
     833  X820                       s   -2.571        2.951    
     834  X821                       s   -2.366        2.358    
     835  X822                       s   -3.129        3.045    
     836  X823                       s   -3.043        2.705    
     837  X824                       s   -2.738        3.198    
     838  X825                       s   -2.527        2.358    
     839  X826                       s   -2.956        3.273    
     840  X827                       s   -3.192        3.145    
     841  X828                       s   -3.050        3.492    
     842  X829                       s   -2.942        2.484    
     843  X830                       s   -2.921        3.619    
     844  X831                       s   -2.744        2.228    
     845  X832                       s   -2.655        2.737    
     846  X833                       s   -2.488        3.087    
     847  X834                       s   -1.933        2.887    
     848  X835                       s   -4.080        2.841    
     849  X836                       s   -4.326        2.427    
     850  X837                       s   -2.718        2.813    
     851  X838                       s   -3.528        3.528    
     852  X839                       s   -2.837        3.145    
     853  X840                       s   -2.675        2.863    
     854  X841                       s   -3.144        2.984    
     855  X842                       s   -2.287        3.014    
     856  X843                       s   -3.001        2.428    
     857  X844                       s   -3.127        2.749    
     858  X845                       s   -2.483        2.996    
     859  X846                       s   -2.984        2.723    
     860  X847                       s   -2.458        3.135    
     861  X848                       s   -2.417        2.682    
     862  X849                       s   -3.042        2.588    
     863  X850                       s   -3.800        2.753    
     864  X851                       s   -2.622        2.563    
     865  X852                       s   -3.340        2.658    
     866  X853                       s   -2.800        3.239    
     867  X854                       s   -3.350        2.521    
     868  X855                       s   -2.609        3.692    
     869  X856                       s   -3.209        3.478    
     870  X857                       s   -2.751        3.011    
     871  X858                       s   -3.162        2.370    
     872  X859                       s   -2.352        3.448    
     873  X860                       s   -3.295        2.735    
     874  X861                       s   -3.423        2.989    
     875  X862                       s   -2.839        3.936    
     876  X863                       s   -2.475        3.700    
     877  X864                       s   -2.827        2.719    
     878  X865                       s   -2.376        3.017    
     879  X866                       s   -2.643        2.532    
     880  X867                       s   -2.785        3.024    
     881  X868                       s   -2.733        2.867    
     882  X869                       s   -3.157        2.804    
     883  X870                       s   -3.278        2.866    
     884  X871                       s   -3.111        2.729    
     885  X872                       s   -2.900        2.716    
     886  X873                       s   -3.197        2.622    
     887  X874                       s   -2.205        2.590    
     888  X875                       s   -2.554        2.815    
     889  X876                       s   -2.734        2.352    
     890  X877                       s   -2.188        2.541    
     891  X878                       s   -2.800        3.548    
     892  X879                       s   -3.079        2.548    
     893  X880                       s   -2.468        2.405    
     894  X881                       s   -3.565        2.787    
     895  X882                       s   -3.327        3.059    
     896  X883                       s   -2.778        3.584    
     897  X884                       s   -2.861        2.987    
     898  X885                       s   -2.641        2.969    
     899  X886                       s   -2.889        3.300    
     900  X887                       s   -3.111        2.136    
     901  X888                       s   -3.217        5.080    
     902  X889                       s   -2.148        3.949    
     903  X890                       s   -2.360        3.063    
     904  X891                       s   -3.070        2.932    
     905  X892                       s   -2.770        3.475    
     906  X893                       s   -2.969        3.394    
     907  X894                       s   -2.888        3.106    
     908  X895                       s   -3.316        3.057    
     909  X896                       s   -2.219        3.531    
     910  X897                       s   -3.528        3.731    
     911  X898                       s   -2.779        3.072    
     912  X899                       s   -2.618        2.819    
     913  X900                       s   -2.512        2.711    
     914  X901                       s   -2.557        3.080    
     915  X902                       s   -2.390        3.387    
     916  X903                       s   -2.433        2.988    
     917  X904                       s   -3.179        2.301    
     918  X905                       s   -2.568        2.515    
     919  X906                       s   -2.417        3.194    
     920  X907                       s   -2.915        2.530    
     921  X908                       s   -2.352        2.962    
     922  X909                       s   -2.737        2.662    
     923  X910                       s   -3.007        2.529    
     924  X911                       s   -3.057        3.807    
     925  X912                       s   -2.621        2.877    
     926  X913                       s   -3.326        3.248    
     927  X914                       s   -2.972        2.530    
     928  X915                       s   -2.641        2.558    
     929  X916                       s   -3.153        2.653    
     930  X917                       s   -2.614        3.488    
     931  X918                       s   -3.606        3.479    
     932  X919                       s   -3.075        2.842    
     933  X920                       s   -2.492        3.266    
     934  X921                       s   -1.961        4.021    
     935  X922                       s   -2.607        2.349    
     936  X923                       s   -4.216        2.945    
     937  X924                       s   -2.943        2.499    
     938  X925                       s   -2.681        2.656    
     939  X926                       s   -2.364        3.127    
     940  X927                       s   -3.235        3.097    
     941  X928                       s   -3.275        3.004    
     942  X929                       s   -3.251        4.507    
     943  X930                       s   -3.125        3.363    
     944  X931                       s   -3.006        2.983    
     945  X932                       s   -3.382        2.604    
     946  X933                       s   -2.569        2.787    
     947  X934                       s   -2.902        2.954    
     948  X935                       s   -2.543        2.727    
     949  X936                       s   -3.718        2.587    
     950  X937                       s   -3.340        2.953    
     951  X938                       s   -2.456        2.358    
     952  X939                       s   -3.055        3.148    
     953  X940                       s   -3.469        3.024    
     954  X941                       s   -2.903        2.688    
     955  X942                       s   -2.668        3.198    
     956  X943                       s   -2.887        2.968    
     957  X944                       s   -2.763        3.035    
     958  X945                       s   -3.185        2.799    
     959  X946                       s   -3.028        2.395    
     960  X947                       s   -2.891        2.889    
     961  X948                       s   -2.938        2.455    
     962  X949                       s   -3.446        2.598    
     963  X950                       s   -2.534        2.931    
     964  X951                       s   -3.639        2.776    
     965  X952                       s   -2.984        2.452    
     966  X953                       s   -2.620        2.717    
     967  X954                       s   -2.738        3.603    
     968  X955                       s   -2.493        3.057    
     969  X956                       s   -2.863        2.410    
     970  X957                       s   -3.463        3.350    
     971  X958                       s   -2.670        3.060    
     972  X959                       s   -2.444        2.755    
     973  X960                       s   -2.647        3.285    
     974  X961                       s   -2.962        2.706    
     975  X962                       s   -2.780        2.577    
     976  X963                       s   -3.197        3.314    
     977  X964                       s   -2.796        2.907    
     978  X965                       s   -3.524        3.291    
     979  X966                       s   -3.546        2.319    
     980  X967                       s   -2.289        2.809    
     981  X968                       s   -2.169        2.921    
     982  X969                       s   -2.358        2.672    
     983  X970                       s   -3.181        2.257    
     984  X971                       s   -2.939        3.432    
     985  X972                       s   -2.597        2.828    
     986  X973                       s   -3.138        2.171    
     987  X974                       s   -2.531        2.695    
     988  X975                       s   -2.704        2.500    
     989  X976                       s   -2.788        2.867    
     990  X977                       s   -3.266        2.685    
     991  X978                       s   -3.642        2.916    
     992  X979                       s   -3.079        2.686    
     993  X980                       s   -2.601        2.774    
     994  X981                       s   -2.627        3.146    
     995  X982                       s   -2.660        2.869    
     996  X983                       s   -2.485        2.989    
     997  X984                       s   -3.559        2.994    
     998  X985                       s   -2.463        3.004    
     999  X986                       s   -2.829        2.957    
    1000  X987                       s   -2.537        3.531    
    1001  X988                       s   -2.551        2.266    
    1002  X989                       s   -3.264        3.097    
    1003  X990                       s   -3.114        2.933    
    1004  X991                       s   -3.543        2.821    
    1005  X992                       s   -2.961        2.227    
    1006  X993                       s   -4.067        2.555    
    1007  X994                       s   -2.352        2.867    
    1008  X995                       s   -2.530        2.941    
    1009  X996                       s   -3.092        2.510    
    1010  X997                       s   -2.220        3.213    
    1011  X998                       s   -3.199        2.451    
    1012  X999                       s   -3.102        3.013    
    1013  X1000                      s   -2.482        3.477    
  
      Total  #cases w/   #missing
     #cases    miss. D  ord. vals   #X-var   #N-var   #F-var   #S-var
        310          0          0        0        0        0     1012
     #P-var   #M-var   #B-var   #C-var   #I-var
          0        0        0        0        0
 No. cases used for training: 310
  
 Univariate split highest priority
 Interaction and linear splits 2nd and 3rd priorities
 Pruning by v-fold cross-validation, with v = 10
 Selected tree is based on mean of CV estimates
 Warning: No interaction tests; too many predictor variables
 Simple node models
 Estimated priors
 Unit misclassification costs
 Split values for N and S variables based on exhaustive search
 Max. number of split levels: 10
 Min. node sample size: 2
 Number of SE's for pruned tree: .5000
  
 Size and CV mean cost and SE of subtrees:
  Tree   #Tnodes  Mean Cost   SE(Mean)   BSE(Mean)  Median Cost  BSE(Median)
    1       24   2.581E-01   2.485E-02   1.300E-02   2.581E-01   1.788E-02
    2       22   2.581E-01   2.485E-02   1.300E-02   2.581E-01   1.788E-02
    3       21   2.581E-01   2.485E-02   1.300E-02   2.581E-01   1.788E-02
    4       16   2.452E-01   2.443E-02   1.372E-02   2.419E-01   2.317E-02
    5       14   2.355E-01   2.410E-02   1.734E-02   2.097E-01   3.124E-02
    6       12   2.258E-01   2.375E-02   2.027E-02   2.097E-01   3.459E-02
    7        9   2.032E-01   2.285E-02   1.761E-02   1.935E-01   2.670E-02
    8        7   2.032E-01   2.285E-02   1.761E-02   1.935E-01   2.670E-02
    9        5   2.032E-01   2.285E-02   1.761E-02   1.935E-01   2.670E-02
   10        4   1.968E-01   2.258E-02   1.930E-02   1.935E-01   3.069E-02
   11**      3   1.839E-01   2.200E-02   1.879E-02   1.613E-01   2.877E-02
   12        2   2.226E-01   2.363E-02   1.474E-02   2.258E-01   1.763E-02
   13        1   3.226E-01   2.655E-02   4.448E-03   3.226E-01   7.213E-04
  
 0-SE tree based on mean is marked with * and has 3 terminal nodes
 0-SE tree based on median is marked with + and has 3 terminal nodes
 Selected-SE tree based on mean using naive SE is marked with **
 Selected-SE tree based on mean using bootstrap SE is marked with --
 Selected-SE tree based on median and bootstrap SE is marked with ++
 * tree, ** tree, + tree, and ++ tree all the same
  
 Following tree is based on mean CV with naive SE estimate (**).
  
 Structure of final tree. Each terminal node is marked with a T.
  
 Node cost is node misclassification cost divided by number of training cases
        Node    Total    Train    Predicted        Node    Split          Interacting
       label    cases    cases    class            cost    variables      variable
           1      310      310    Abnormal       3.226E-01 degree_spondylolisthesis 
           2      161      161    Normal         3.975E-01 sacral_slope 
           4T      35       35    Abnormal       2.571E-01 X86 
           5T     126      126    Normal         3.016E-01 pelvic_radius 
           3T     149      149    Abnormal       2.013E-02 X808 
  
 Number of terminal nodes of final tree: 3
 Total number of nodes of final tree: 5
 Second best split variable (based on curvature test) at root node is pelvic_radius
  
 Classification tree:
  
 Node 1: degree_spondylolisthesis <= -.30465860
   Node 2: sacral_slope <= -1.1038700
     Node 4: Abnormal
   Node 2: sacral_slope > -1.1038700 or NA
     Node 5: Normal
 Node 1: degree_spondylolisthesis > -.30465860 or NA
   Node 3: Abnormal
 
 ***************************************************************
 
  
Node 1: Intermediate node
 A case goes into Node 2 if degree_spondylolisthesis <= -.30465860
 degree_spondylolisthesis mean = .64515364E-11
    Class      Number   Posterior
 Abnormal         210     0.67742
 Normal           100     0.32258
 Number of training cases misclassified = 100
 Predicted class is Abnormal
 ----------------------------
Node 2: Intermediate node
 A case goes into Node 4 if sacral_slope <= -1.1038700
 sacral_slope mean = -.52178259
    Class      Number   Posterior
 Abnormal          64     0.39752
 Normal            97     0.60248
 Number of training cases misclassified = 64
 Predicted class is Normal
 ----------------------------
Node 4: Terminal node
    Class      Number   Posterior
 Abnormal          26     0.74286
 Normal             9     0.25714
 Number of training cases misclassified = 9
 Predicted class is Abnormal
 ----------------------------
Node 5: Terminal node
    Class      Number   Posterior
 Abnormal          38     0.30159
 Normal            88     0.69841
 Number of training cases misclassified = 38
 Predicted class is Normal
 ----------------------------
Node 3: Terminal node
    Class      Number   Posterior
 Abnormal         146     0.97987
 Normal             3     0.02013
 Number of training cases misclassified = 3
 Predicted class is Abnormal
 ----------------------------
  
 
 Classification matrix for training sample:
 Predicted      True class
 class       Abnormal    Normal
 Abnormal         172        12
 Normal            38        88
 Total            210       100
 
 Number of cases used for tree construction: 310
 Number misclassified: 50
 Resubstitution est. of mean misclassification cost: .16129032
 
 Observed and fitted values are stored in spine_1000_fitted.txt
 LaTeX code for tree is in spine_tree_1000.tex
 Elapsed time in seconds: 9.797
