             GGG   U   U  I  DDDD   EEEE
            G   G  U   U  I  D   D  E
            G      U   U  I  D   D  E
            G  GG  U   U  I  D   D  EEE
            G   G  U   U  I  D   D  E
            G   G  U   U  I  D   D  E
             GGG    UUU   I  DDDD   EEEE
   
 GUIDE Classification and Regression Trees and Forests
 Compiled with Visual Fortran 64 18.0.1.156 on Windows 10              
 Version 29.0 (Build date: September 9, 2018)      
 Copyright (c) 1997-2018 Wei-Yin Loh. All rights reserved.
 This software is based upon work supported by the U.S. Army Research Office,
 the National Science Foundation and the National Institutes of Health.
  
 This job was started on: 10/23/18 at 11:33
  
 Ensemble of bagged classification trees
 Pruning by cross-validation
 Data description file: spine_desc.txt
 Training sample file: 
 C:\Users\Michael Streyle\Desktop\Senior Project\spine_data_guide.csv
 Missing value code: NA
 Records in data file start on line 2
 Warning: N variables changed to S
 Dependent variable is classification
 Number of records in data file: 310
 Length of longest entry in data file: 12
 Number of classes: 2
 Training sample class proportions of D variable classification:
    Class  #Cases     Proportion
 Abnormal     210     0.67741935
 Normal       100     0.32258065
  
 Summary information (without x variables)
 d=dependent, b=split and fit cat variable using indicator variables,
 c=split-only categorical, i=fit-only categorical (via indicators),
 s=split-only numerical, n=split and fit numerical, f=fit-only numerical,
 m=missing-value flag variable, p=periodic variable, w=weight
                                                                        Codes/              
                                                                       Levels/              
  Column  Name                            Minimum      Maximum         Periods      #Missing
       1  pelvic_incidence           s    26.15        129.8    
       2  pelvic_tilt                s   -6.555        49.43    
       3  lumbar_lordosis_angle      s    14.00        125.7    
       4  sacral_slope               s    13.37        121.4    
       5  pelvic_radius              s    70.08        163.1    
       6  degree_spondylolisthesis   s   -11.06        418.5    
       7  pelvic_slope               s   0.3220E-02   0.9988    
       8  Direct_tilet               s    7.027        36.74    
       9  thoracic_slope             s    7.038        19.32    
      10  cervical_tilt              s    7.031        16.82    
      11  sacrum_angle               s   -35.29        6.972    
      12  scoliosis_slope            s    7.008        44.34    
      13  classification             d                                       2
  
      Total  #cases w/   #missing
     #cases    miss. D  ord. vals   #X-var   #N-var   #F-var   #S-var
        310          0          0        0        0        0       12
     #P-var   #M-var   #B-var   #C-var   #I-var
          0        0        0        0        0
 No. cases used for training: 310
  
 Univariate split highest priority
 Interaction splits 2nd priority; no linear splits
 Number of trees in ensemble: 100
 Pruning by v-fold cross-validation, with v = 5
 Selected tree is based on mean of CV estimates
 Simple node models
 Estimated priors
 Unit misclassification costs
 Fraction of cases used for splitting each node:  0.32258    
 Max. number of split levels: 7
 Min. node sample size: 10
 Number of SE's for pruned tree: .5000
  
 Mean number of terminal nodes:    5.650    
 
 Classification matrix for training sample:
 Predicted       True class
class       Abnormal    Normal
 Abnormal         187        33
 Normal            23        67
 Total            210       100
 
 Number of cases used for tree construction: 310
 Number misclassified: 56
 Resubstitution est. of mean misclassification cost: .18064516
 
 Predicted class probabilities are stored in spine2.txt
 Elapsed time in seconds: 4.594
